::1 - - [20/Jan/2019:04:11:47 +0000] "GET /grades HTTP/1.1" 304 -
::1 - - [20/Jan/2019:04:12:09 +0000] "GET /grades HTTP/1.1" 304 - "-" "Mozilla/5.0 (Windows NT 10.0; Win64; x64) AppleWebKit/537.36 (KHTML, like Gecko) Chrome/71.0.3578.98 Safari/537.36"
::1 - - [20/Jan/2019:04:28:03 +0000] "PUT /grades/2 HTTP/1.1" 200 45 "-" "PostmanRuntime/7.6.0"
::1 - - [20/Jan/2019:04:28:10 +0000] "GET /grades HTTP/1.1" 200 287 "-" "Mozilla/5.0 (Windows NT 10.0; Win64; x64) AppleWebKit/537.36 (KHTML, like Gecko) Chrome/71.0.3578.98 Safari/537.36"
::1 - - [20/Jan/2019:04:31:00 +0000] "PUT /grades/2 HTTP/1.1" 500 32 "-" "PostmanRuntime/7.6.0"
::1 - - [20/Jan/2019:04:31:18 +0000] "PUT /grades/2 HTTP/1.1" 500 32 "-" "PostmanRuntime/7.6.0"
::1 - - [20/Jan/2019:04:31:48 +0000] "GET /grades HTTP/1.1" 200 295 "-" "Mozilla/5.0 (Windows NT 10.0; Win64; x64) AppleWebKit/537.36 (KHTML, like Gecko) Chrome/71.0.3578.98 Safari/537.36"
::1 - - [20/Jan/2019:04:31:53 +0000] "PUT /grades/2 HTTP/1.1" 500 32 "-" "PostmanRuntime/7.6.0"
::1 - - [20/Jan/2019:04:32:53 +0000] "PUT /grades/2 HTTP/1.1" 200 45 "-" "PostmanRuntime/7.6.0"
::1 - - [20/Jan/2019:04:33:14 +0000] "PUT /grades/2 HTTP/1.1" 200 45 "-" "PostmanRuntime/7.6.0"
::1 - - [20/Jan/2019:04:33:59 +0000] "PUT /grades/2 HTTP/1.1" 500 32 "-" "PostmanRuntime/7.6.0"
::1 - - [20/Jan/2019:04:35:08 +0000] "GET /grades HTTP/1.1" 304 - "-" "Mozilla/5.0 (Windows NT 10.0; Win64; x64) AppleWebKit/537.36 (KHTML, like Gecko) Chrome/71.0.3578.98 Safari/537.36"
::1 - - [20/Jan/2019:04:35:28 +0000] "PUT /grades/2 HTTP/1.1" 200 45 "-" "PostmanRuntime/7.6.0"
::1 - - [20/Jan/2019:04:35:43 +0000] "PUT /grades/2 HTTP/1.1" 200 45 "-" "PostmanRuntime/7.6.0"
::1 - - [20/Jan/2019:04:36:19 +0000] "PUT /grades/2 HTTP/1.1" 200 45 "-" "PostmanRuntime/7.6.0"
::1 - - [20/Jan/2019:04:36:30 +0000] "PUT /grades/2 HTTP/1.1" 200 45 "-" "PostmanRuntime/7.6.0"
::1 - - [20/Jan/2019:04:37:42 +0000] "PUT /grades/2 HTTP/1.1" 200 45 "-" "PostmanRuntime/7.6.0"
::1 - - [20/Jan/2019:04:41:43 +0000] "PUT /grades/2 HTTP/1.1" 200 - "-" "PostmanRuntime/7.6.0"
::1 - - [20/Jan/2019:04:42:33 +0000] "PUT /grades/2 HTTP/1.1" 200 - "-" "PostmanRuntime/7.6.0"
::1 - - [20/Jan/2019:04:43:23 +0000] "PUT /grades/2 HTTP/1.1" 200 - "-" "PostmanRuntime/7.6.0"
::1 - - [20/Jan/2019:04:43:58 +0000] "PUT /grades/2 HTTP/1.1" 200 - "-" "PostmanRuntime/7.6.0"
::1 - - [20/Jan/2019:04:44:01 +0000] "PUT /grades/2 HTTP/1.1" 200 - "-" "PostmanRuntime/7.6.0"
::1 - - [20/Jan/2019:04:44:48 +0000] "PUT /grades/2 HTTP/1.1" 200 - "-" "PostmanRuntime/7.6.0"
::1 - - [20/Jan/2019:04:44:50 +0000] "PUT /grades/2 HTTP/1.1" 200 - "-" "PostmanRuntime/7.6.0"
::1 - - [20/Jan/2019:04:45:08 +0000] "PUT /grades/2 HTTP/1.1" 200 - "-" "PostmanRuntime/7.6.0"
::1 - - [20/Jan/2019:04:45:17 +0000] "PUT /grades/2 HTTP/1.1" 200 - "-" "PostmanRuntime/7.6.0"
::1 - - [20/Jan/2019:04:45:18 +0000] "PUT /grades/2 HTTP/1.1" 200 - "-" "PostmanRuntime/7.6.0"
::1 - - [20/Jan/2019:04:48:20 +0000] "PUT /grades/2 HTTP/1.1" 200 43 "-" "PostmanRuntime/7.6.0"
::1 - - [20/Jan/2019:04:48:47 +0000] "PUT /grades/2 HTTP/1.1" 200 43 "-" "PostmanRuntime/7.6.0"
::1 - - [20/Jan/2019:04:51:09 +0000] "PUT /grades/2 HTTP/1.1" 200 43 "-" "PostmanRuntime/7.6.0"
::1 - - [20/Jan/2019:04:57:30 +0000] "GET /grades HTTP/1.1" 304 - "-" "Mozilla/5.0 (Windows NT 10.0; Win64; x64) AppleWebKit/537.36 (KHTML, like Gecko) Chrome/71.0.3578.98 Safari/537.36"
::1 - - [20/Jan/2019:04:59:09 +0000] "GET /grades HTTP/1.1" 304 - "-" "Mozilla/5.0 (Windows NT 10.0; Win64; x64) AppleWebKit/537.36 (KHTML, like Gecko) Chrome/71.0.3578.98 Safari/537.36"
::1 - - [20/Jan/2019:04:59:21 +0000] "GET /grades HTTP/1.1" 304 - "-" "Mozilla/5.0 (Windows NT 10.0; Win64; x64) AppleWebKit/537.36 (KHTML, like Gecko) Chrome/71.0.3578.98 Safari/537.36"
::1 - - [20/Jan/2019:05:00:10 +0000] "GET /grades HTTP/1.1" 500 1205 "-" "Mozilla/5.0 (Windows NT 10.0; Win64; x64) AppleWebKit/537.36 (KHTML, like Gecko) Chrome/71.0.3578.98 Safari/537.36"
::1 - - [20/Jan/2019:05:00:23 +0000] "GET /grades HTTP/1.1" 200 295 "-" "Mozilla/5.0 (Windows NT 10.0; Win64; x64) AppleWebKit/537.36 (KHTML, like Gecko) Chrome/71.0.3578.98 Safari/537.36"
::1 - - [20/Jan/2019:05:00:32 +0000] "PUT /grades/2 HTTP/1.1" 200 43 "-" "PostmanRuntime/7.6.0"
::1 - - [20/Jan/2019:05:01:23 +0000] "PUT /grades/2 HTTP/1.1" 200 43 "-" "PostmanRuntime/7.6.0"
::1 - - [20/Jan/2019:05:08:19 +0000] "PUT /grades/2 HTTP/1.1" 500 1263 "-" "PostmanRuntime/7.6.0"
::1 - - [20/Jan/2019:05:11:24 +0000] "PUT /grades/2 HTTP/1.1" 200 43 "-" "PostmanRuntime/7.6.0"
::1 - - [20/Jan/2019:05:12:00 +0000] "PUT /grades/2 HTTP/1.1" 500 1174 "-" "PostmanRuntime/7.6.0"
::1 - - [20/Jan/2019:05:13:53 +0000] "PUT /grades/2 HTTP/1.1" 200 43 "-" "PostmanRuntime/7.6.0"
::1 - - [20/Jan/2019:05:14:14 +0000] "PUT /grades/2 HTTP/1.1" 200 43 "-" "PostmanRuntime/7.6.0"
::1 - - [20/Jan/2019:05:14:16 +0000] "PUT /grades/2 HTTP/1.1" 200 43 "-" "PostmanRuntime/7.6.0"
::1 - - [20/Jan/2019:05:16:08 +0000] "PUT /grades/2 HTTP/1.1" 500 1174 "-" "PostmanRuntime/7.6.0"
::1 - - [20/Jan/2019:05:17:00 +0000] "PUT /grades/2 HTTP/1.1" 500 1297 "-" "PostmanRuntime/7.6.0"
::1 - - [20/Jan/2019:05:17:50 +0000] "PUT /grades/2 HTTP/1.1" 200 43 "-" "PostmanRuntime/7.6.0"
::1 - - [20/Jan/2019:05:17:55 +0000] "PUT /grades/2 HTTP/1.1" 500 1269 "-" "PostmanRuntime/7.6.0"
::1 - - [20/Jan/2019:05:18:36 +0000] "PUT /grades/2 HTTP/1.1" 500 1174 "-" "PostmanRuntime/7.6.0"
::1 - - [20/Jan/2019:05:18:52 +0000] "PUT /grades/2 HTTP/1.1" 500 1174 "-" "PostmanRuntime/7.6.0"
::1 - - [20/Jan/2019:05:19:42 +0000] "PUT /grades/2 HTTP/1.1" 200 43 "-" "PostmanRuntime/7.6.0"
::1 - - [20/Jan/2019:05:20:11 +0000] "PUT /grades/2 HTTP/1.1" 500 1224 "-" "PostmanRuntime/7.6.0"
::1 - - [20/Jan/2019:05:21:18 +0000] "PUT /grades/2 HTTP/1.1" 200 43 "-" "PostmanRuntime/7.6.0"
::1 - - [20/Jan/2019:05:22:00 +0000] "PUT /grades/2 HTTP/1.1" 200 43 "-" "PostmanRuntime/7.6.0"
::1 - - [20/Jan/2019:05:22:29 +0000] "PUT /grades/2 HTTP/1.1" 200 43 "-" "PostmanRuntime/7.6.0"
::1 - - [20/Jan/2019:05:23:45 +0000] "PUT /grades/2 HTTP/1.1" 200 43 "-" "PostmanRuntime/7.6.0"
::1 - - [20/Jan/2019:05:26:49 +0000] "PUT /grades/2 HTTP/1.1" 200 43 "-" "PostmanRuntime/7.6.0"
::1 - - [20/Jan/2019:05:27:59 +0000] "PUT /grades/2 HTTP/1.1" 200 43 "-" "PostmanRuntime/7.6.0"
::1 - - [20/Jan/2019:05:30:27 +0000] "GET /grades HTTP/1.1" 304 - "-" "Mozilla/5.0 (Windows NT 10.0; Win64; x64) AppleWebKit/537.36 (KHTML, like Gecko) Chrome/71.0.3578.98 Safari/537.36"
::1 - - [20/Jan/2019:05:32:41 +0000] "PUT /grades/2 HTTP/1.1" 200 - "-" "PostmanRuntime/7.6.0"
::1 - - [20/Jan/2019:05:38:14 +0000] "PUT /grades/2 HTTP/1.1" 200 43 "-" "PostmanRuntime/7.6.0"
::1 - - [20/Jan/2019:05:39:48 +0000] "PUT /grades/2 HTTP/1.1" 200 43 "-" "PostmanRuntime/7.6.0"
::1 - - [20/Jan/2019:05:39:58 +0000] "PUT /grades/2 HTTP/1.1" 200 43 "-" "PostmanRuntime/7.6.0"
::1 - - [20/Jan/2019:05:46:55 +0000] "PUT /grades/2 HTTP/1.1" 200 43 "-" "PostmanRuntime/7.6.0"
::1 - - [20/Jan/2019:05:47:31 +0000] "PUT /grades/2 HTTP/1.1" 200 43 "-" "PostmanRuntime/7.6.0"
::1 - - [20/Jan/2019:05:47:44 +0000] "PUT /grades/2 HTTP/1.1" 200 43 "-" "PostmanRuntime/7.6.0"
::1 - - [20/Jan/2019:05:47:46 +0000] "PUT /grades/2 HTTP/1.1" 200 43 "-" "PostmanRuntime/7.6.0"
::1 - - [20/Jan/2019:05:47:54 +0000] "PUT /grades/2 HTTP/1.1" 200 43 "-" "PostmanRuntime/7.6.0"
::1 - - [20/Jan/2019:05:51:17 +0000] "PUT /grades/2 HTTP/1.1" 200 43 "-" "PostmanRuntime/7.6.0"
::1 - - [20/Jan/2019:05:51:35 +0000] "PUT /grades/2 HTTP/1.1" 200 43 "-" "PostmanRuntime/7.6.0"
::1 - - [20/Jan/2019:06:12:11 +0000] "PUT /grades/2 HTTP/1.1" 200 43 "-" "PostmanRuntime/7.6.0"
::1 - - [20/Jan/2019:06:12:12 +0000] "PUT /grades/2 HTTP/1.1" 200 43 "-" "PostmanRuntime/7.6.0"
::1 - - [20/Jan/2019:06:15:10 +0000] "POST /grades/2 HTTP/1.1" 404 1173 "-" "PostmanRuntime/7.6.0"
::1 - - [20/Jan/2019:06:15:20 +0000] "POST /grades/2 HTTP/1.1" 404 1173 "-" "PostmanRuntime/7.6.0"
::1 - - [20/Jan/2019:06:15:27 +0000] "POST /grades/ HTTP/1.1" 200 7 "-" "PostmanRuntime/7.6.0"
::1 - - [20/Jan/2019:06:15:39 +0000] "POST /grades/ HTTP/1.1" 200 7 "-" "PostmanRuntime/7.6.0"
::1 - - [20/Jan/2019:06:15:51 +0000] "GET /grades HTTP/1.1" 200 355 "-" "Mozilla/5.0 (Windows NT 10.0; Win64; x64) AppleWebKit/537.36 (KHTML, like Gecko) Chrome/71.0.3578.98 Safari/537.36"
::1 - - [20/Jan/2019:06:17:12 +0000] "POST /grades/ HTTP/1.1" 200 7 "-" "PostmanRuntime/7.6.0"
::1 - - [20/Jan/2019:06:17:32 +0000] "POST /grades/ HTTP/1.1" 200 7 "-" "PostmanRuntime/7.6.0"
::1 - - [20/Jan/2019:06:17:35 +0000] "POST /grades/ HTTP/1.1" 200 7 "-" "PostmanRuntime/7.6.0"
::1 - - [20/Jan/2019:06:17:39 +0000] "GET /grades HTTP/1.1" 200 409 "-" "Mozilla/5.0 (Windows NT 10.0; Win64; x64) AppleWebKit/537.36 (KHTML, like Gecko) Chrome/71.0.3578.98 Safari/537.36"
::1 - - [20/Jan/2019:06:19:56 +0000] "POST /grades/ HTTP/1.1" 500 1242 "-" "PostmanRuntime/7.6.0"
::1 - - [20/Jan/2019:06:20:05 +0000] "POST /grades/ HTTP/1.1" 500 1242 "-" "PostmanRuntime/7.6.0"
::1 - - [20/Jan/2019:06:20:06 +0000] "POST /grades/ HTTP/1.1" 500 1242 "-" "PostmanRuntime/7.6.0"
::1 - - [20/Jan/2019:06:20:46 +0000] "POST /grades/ HTTP/1.1" 500 1242 "-" "PostmanRuntime/7.6.0"
::1 - - [20/Jan/2019:06:21:16 +0000] "POST /grades/ HTTP/1.1" 200 7 "-" "PostmanRuntime/7.6.0"
::1 - - [20/Jan/2019:06:21:29 +0000] "GET /grades HTTP/1.1" 200 304 "-" "Mozilla/5.0 (Windows NT 10.0; Win64; x64) AppleWebKit/537.36 (KHTML, like Gecko) Chrome/71.0.3578.98 Safari/537.36"
::1 - - [20/Jan/2019:06:21:40 +0000] "POST /grades/ HTTP/1.1" 200 7 "-" "PostmanRuntime/7.6.0"
::1 - - [20/Jan/2019:06:21:43 +0000] "GET /grades HTTP/1.1" 200 313 "-" "Mozilla/5.0 (Windows NT 10.0; Win64; x64) AppleWebKit/537.36 (KHTML, like Gecko) Chrome/71.0.3578.98 Safari/537.36"
::1 - - [20/Jan/2019:06:22:03 +0000] "POST /grades/ HTTP/1.1" 200 7 "-" "PostmanRuntime/7.6.0"
::1 - - [20/Jan/2019:06:22:08 +0000] "GET /grades HTTP/1.1" 200 304 "-" "Mozilla/5.0 (Windows NT 10.0; Win64; x64) AppleWebKit/537.36 (KHTML, like Gecko) Chrome/71.0.3578.98 Safari/537.36"
::1 - - [20/Jan/2019:06:22:44 +0000] "POST /grades/ HTTP/1.1" 200 7 "-" "PostmanRuntime/7.6.0"
::1 - - [20/Jan/2019:06:22:49 +0000] "POST /grades/ HTTP/1.1" 200 7 "-" "PostmanRuntime/7.6.0"
::1 - - [20/Jan/2019:06:22:51 +0000] "GET /grades HTTP/1.1" 200 397 "-" "Mozilla/5.0 (Windows NT 10.0; Win64; x64) AppleWebKit/537.36 (KHTML, like Gecko) Chrome/71.0.3578.98 Safari/537.36"
::1 - - [20/Jan/2019:06:24:03 +0000] "POST /grades/ HTTP/1.1" 500 1053 "-" "PostmanRuntime/7.6.0"
::1 - - [20/Jan/2019:06:24:12 +0000] "POST /grades/ HTTP/1.1" 200 7 "-" "PostmanRuntime/7.6.0"
::1 - - [20/Jan/2019:06:24:15 +0000] "GET /grades HTTP/1.1" 200 346 "-" "Mozilla/5.0 (Windows NT 10.0; Win64; x64) AppleWebKit/537.36 (KHTML, like Gecko) Chrome/71.0.3578.98 Safari/537.36"
::1 - - [20/Jan/2019:14:57:44 +0000] "GET /grades HTTP/1.1" 200 295 "-" "Mozilla/5.0 (Windows NT 10.0; Win64; x64) AppleWebKit/537.36 (KHTML, like Gecko) Chrome/71.0.3578.98 Safari/537.36"
::ffff:127.0.0.1 - - [20/Jan/2019:15:01:11 +0000] "GET /grades HTTP/1.1" 200 295 "-" "axios/0.18.0"
::ffff:127.0.0.1 - - [20/Jan/2019:15:02:43 +0000] "GET /grades HTTP/1.1" 200 295 "-" "axios/0.18.0"
::ffff:127.0.0.1 - - [20/Jan/2019:15:02:47 +0000] "GET /grades HTTP/1.1" 200 295 "-" "axios/0.18.0"
::ffff:127.0.0.1 - - [20/Jan/2019:15:03:01 +0000] "GET /grades HTTP/1.1" 200 295 "-" "axios/0.18.0"
::ffff:127.0.0.1 - - [20/Jan/2019:15:03:22 +0000] "GET /grades HTTP/1.1" 200 295 "-" "axios/0.18.0"
::ffff:127.0.0.1 - - [20/Jan/2019:15:05:20 +0000] "GET /grades HTTP/1.1" 200 295 "-" "axios/0.18.0"
::ffff:127.0.0.1 - - [20/Jan/2019:15:05:34 +0000] "GET /grades HTTP/1.1" 200 295 "-" "axios/0.18.0"
::ffff:127.0.0.1 - - [20/Jan/2019:15:05:50 +0000] "GET /grades HTTP/1.1" 200 295 "-" "axios/0.18.0"
::ffff:127.0.0.1 - - [20/Jan/2019:15:05:57 +0000] "GET /grades HTTP/1.1" 200 295 "-" "axios/0.18.0"
::1 - - [20/Jan/2019:15:06:13 +0000] "GET /grades HTTP/1.1" 304 - "-" "Mozilla/5.0 (Windows NT 10.0; Win64; x64) AppleWebKit/537.36 (KHTML, like Gecko) Chrome/71.0.3578.98 Safari/537.36"
::ffff:127.0.0.1 - - [20/Jan/2019:15:07:00 +0000] "GET /grades HTTP/1.1" 200 295 "-" "axios/0.18.0"
::ffff:127.0.0.1 - - [20/Jan/2019:15:07:34 +0000] "GET /grades HTTP/1.1" 200 295 "-" "axios/0.18.0"
::ffff:127.0.0.1 - - [20/Jan/2019:15:08:00 +0000] "GET /grades HTTP/1.1" 200 295 "-" "axios/0.18.0"
::ffff:127.0.0.1 - - [20/Jan/2019:15:08:01 +0000] "GET /grades HTTP/1.1" 200 295 "-" "axios/0.18.0"
::ffff:127.0.0.1 - - [20/Jan/2019:15:08:16 +0000] "GET /grades HTTP/1.1" 200 295 "-" "axios/0.18.0"
::ffff:127.0.0.1 - - [20/Jan/2019:15:08:17 +0000] "GET /grades HTTP/1.1" 200 295 "-" "axios/0.18.0"
::ffff:127.0.0.1 - - [20/Jan/2019:15:08:35 +0000] "GET /grades HTTP/1.1" 200 295 "-" "axios/0.18.0"
::ffff:127.0.0.1 - - [20/Jan/2019:15:08:37 +0000] "GET /grades HTTP/1.1" 200 295 "-" "axios/0.18.0"
::ffff:127.0.0.1 - - [20/Jan/2019:15:08:51 +0000] "GET /grades HTTP/1.1" 200 295 "-" "axios/0.18.0"
::ffff:127.0.0.1 - - [20/Jan/2019:15:09:05 +0000] "GET /grades HTTP/1.1" 200 295 "-" "axios/0.18.0"
::ffff:127.0.0.1 - - [20/Jan/2019:15:09:19 +0000] "GET /grades HTTP/1.1" 200 295 "-" "axios/0.18.0"
::ffff:127.0.0.1 - - [20/Jan/2019:15:09:35 +0000] "GET /grades HTTP/1.1" 200 295 "-" "axios/0.18.0"
::ffff:127.0.0.1 - - [20/Jan/2019:15:09:58 +0000] "GET /grades HTTP/1.1" 200 295 "-" "axios/0.18.0"
::ffff:127.0.0.1 - - [20/Jan/2019:15:12:40 +0000] "GET /grades HTTP/1.1" 200 295 "-" "axios/0.18.0"
::ffff:127.0.0.1 - - [20/Jan/2019:15:12:43 +0000] "GET /grades HTTP/1.1" 200 295 "-" "axios/0.18.0"
::1 - - [21/Jan/2019:01:38:38 +0000] "GET / HTTP/1.1" 200 207 "-" "Mozilla/5.0 (Windows NT 10.0; Win64; x64) AppleWebKit/537.36 (KHTML, like Gecko) Chrome/71.0.3578.98 Safari/537.36"
::1 - - [21/Jan/2019:01:38:42 +0000] "GET /grades HTTP/1.1" 304 - "-" "Mozilla/5.0 (Windows NT 10.0; Win64; x64) AppleWebKit/537.36 (KHTML, like Gecko) Chrome/71.0.3578.98 Safari/537.36"
::1 - - [21/Jan/2019:01:38:58 +0000] "GET /grades/3 HTTP/1.1" 200 57 "-" "Mozilla/5.0 (Windows NT 10.0; Win64; x64) AppleWebKit/537.36 (KHTML, like Gecko) Chrome/71.0.3578.98 Safari/537.36"
::1 - - [21/Jan/2019:01:39:04 +0000] "GET /grades/9 HTTP/1.1" 200 - "-" "Mozilla/5.0 (Windows NT 10.0; Win64; x64) AppleWebKit/537.36 (KHTML, like Gecko) Chrome/71.0.3578.98 Safari/537.36"
::1 - - [21/Jan/2019:01:39:10 +0000] "GET /grades/9 HTTP/1.1" 200 - "-" "Mozilla/5.0 (Windows NT 10.0; Win64; x64) AppleWebKit/537.36 (KHTML, like Gecko) Chrome/71.0.3578.98 Safari/537.36"
::1 - - [21/Jan/2019:01:40:12 +0000] "GET /grades/9 HTTP/1.1" 404 9 "-" "Mozilla/5.0 (Windows NT 10.0; Win64; x64) AppleWebKit/537.36 (KHTML, like Gecko) Chrome/71.0.3578.98 Safari/537.36"
::1 - - [21/Jan/2019:01:40:45 +0000] "GET /grades/sdf HTTP/1.1" 404 9 "-" "Mozilla/5.0 (Windows NT 10.0; Win64; x64) AppleWebKit/537.36 (KHTML, like Gecko) Chrome/71.0.3578.98 Safari/537.36"
::1 - - [21/Jan/2019:01:41:48 +0000] "DELETE /grades/9 HTTP/1.1" 200 62 "-" "PostmanRuntime/7.6.0"
::1 - - [21/Jan/2019:01:41:56 +0000] "DELETE /grades/9 HTTP/1.1" 200 62 "-" "PostmanRuntime/7.6.0"
::1 - - [21/Jan/2019:01:41:58 +0000] "DELETE /grades/9 HTTP/1.1" 200 59 "-" "PostmanRuntime/7.6.0"
::1 - - [21/Jan/2019:01:42:30 +0000] "DELETE /grades/9 HTTP/1.1" 200 62 "-" "PostmanRuntime/7.6.0"
::1 - - [21/Jan/2019:01:42:41 +0000] "GET /grades/ HTTP/1.1" 200 234 "-" "Mozilla/5.0 (Windows NT 10.0; Win64; x64) AppleWebKit/537.36 (KHTML, like Gecko) Chrome/71.0.3578.98 Safari/537.36"
::1 - - [21/Jan/2019:01:43:01 +0000] "DELETE /grades/9 HTTP/1.1" 200 62 "-" "PostmanRuntime/7.6.0"
::1 - - [21/Jan/2019:01:43:10 +0000] "DELETE /grades/33 HTTP/1.1" 200 62 "-" "PostmanRuntime/7.6.0"
::1 - - [21/Jan/2019:01:43:14 +0000] "GET /grades/ HTTP/1.1" 200 173 "-" "Mozilla/5.0 (Windows NT 10.0; Win64; x64) AppleWebKit/537.36 (KHTML, like Gecko) Chrome/71.0.3578.98 Safari/537.36"
::1 - - [21/Jan/2019:01:43:45 +0000] "DELETE /grades/33 HTTP/1.1" 200 62 "-" "PostmanRuntime/7.6.0"
::1 - - [21/Jan/2019:01:43:52 +0000] "DELETE /grades/1 HTTP/1.1" 200 61 "-" "PostmanRuntime/7.6.0"
::1 - - [21/Jan/2019:01:43:59 +0000] "DELETE /grades/3 HTTP/1.1" 200 59 "-" "PostmanRuntime/7.6.0"
::1 - - [21/Jan/2019:01:44:11 +0000] "GET /grades/ HTTP/1.1" 200 116 "-" "Mozilla/5.0 (Windows NT 10.0; Win64; x64) AppleWebKit/537.36 (KHTML, like Gecko) Chrome/71.0.3578.98 Safari/537.36"
::1 - - [21/Jan/2019:01:44:50 +0000] "DELETE /grades/3 HTTP/1.1" 200 62 "-" "PostmanRuntime/7.6.0"
::1 - - [21/Jan/2019:01:45:16 +0000] "DELETE /grades/3 HTTP/1.1" 200 61 "-" "PostmanRuntime/7.6.0"
::1 - - [21/Jan/2019:01:45:21 +0000] "DELETE /grades/3 HTTP/1.1" 200 55 "-" "PostmanRuntime/7.6.0"
::1 - - [21/Jan/2019:01:45:23 +0000] "DELETE /grades/3 HTTP/1.1" 200 59 "-" "PostmanRuntime/7.6.0"
::1 - - [21/Jan/2019:01:45:24 +0000] "DELETE /grades/3 HTTP/1.1" 200 62 "-" "PostmanRuntime/7.6.0"
::1 - - [21/Jan/2019:01:45:24 +0000] "DELETE /grades/3 HTTP/1.1" 200 62 "-" "PostmanRuntime/7.6.0"
::1 - - [21/Jan/2019:01:45:26 +0000] "DELETE /grades/3 HTTP/1.1" 200 2 "-" "PostmanRuntime/7.6.0"
::1 - - [21/Jan/2019:01:45:28 +0000] "DELETE /grades/3 HTTP/1.1" 200 2 "-" "PostmanRuntime/7.6.0"
::1 - - [21/Jan/2019:01:45:53 +0000] "GET /grades/ HTTP/1.1" 200 2 "-" "Mozilla/5.0 (Windows NT 10.0; Win64; x64) AppleWebKit/537.36 (KHTML, like Gecko) Chrome/71.0.3578.98 Safari/537.36"
::1 - - [21/Jan/2019:01:46:03 +0000] "GET /grades/ HTTP/1.1" 200 295 "-" "Mozilla/5.0 (Windows NT 10.0; Win64; x64) AppleWebKit/537.36 (KHTML, like Gecko) Chrome/71.0.3578.98 Safari/537.36"
::1 - - [21/Jan/2019:01:46:09 +0000] "DELETE /grades/3 HTTP/1.1" 200 61 "-" "PostmanRuntime/7.6.0"
::1 - - [21/Jan/2019:01:46:21 +0000] "GET /grades/ HTTP/1.1" 200 235 "-" "Mozilla/5.0 (Windows NT 10.0; Win64; x64) AppleWebKit/537.36 (KHTML, like Gecko) Chrome/71.0.3578.98 Safari/537.36"
::1 - - [21/Jan/2019:01:46:37 +0000] "DELETE /grades/4 HTTP/1.1" 200 55 "-" "PostmanRuntime/7.6.0"
::1 - - [21/Jan/2019:01:46:50 +0000] "GET /grades/ HTTP/1.1" 200 181 "-" "Mozilla/5.0 (Windows NT 10.0; Win64; x64) AppleWebKit/537.36 (KHTML, like Gecko) Chrome/71.0.3578.98 Safari/537.36"
::1 - - [21/Jan/2019:01:48:12 +0000] "GET /grades/ HTTP/1.1" 200 295 "-" "Mozilla/5.0 (Windows NT 10.0; Win64; x64) AppleWebKit/537.36 (KHTML, like Gecko) Chrome/71.0.3578.98 Safari/537.36"
::1 - - [21/Jan/2019:01:48:19 +0000] "DELETE /grades/4 HTTP/1.1" 200 61 "-" "PostmanRuntime/7.6.0"
::1 - - [21/Jan/2019:01:48:55 +0000] "DELETE /grades/4 HTTP/1.1" 200 61 "-" "PostmanRuntime/7.6.0"
::1 - - [21/Jan/2019:01:49:00 +0000] "GET /grades/ HTTP/1.1" 200 235 "-" "Mozilla/5.0 (Windows NT 10.0; Win64; x64) AppleWebKit/537.36 (KHTML, like Gecko) Chrome/71.0.3578.98 Safari/537.36"
::1 - - [21/Jan/2019:01:49:21 +0000] "DELETE /grades/5 HTTP/1.1" 200 55 "-" "PostmanRuntime/7.6.0"
::1 - - [21/Jan/2019:01:49:57 +0000] "DELETE /grades/5 HTTP/1.1" 200 61 "-" "PostmanRuntime/7.6.0"
::1 - - [21/Jan/2019:01:50:17 +0000] "GET /grades/ HTTP/1.1" 200 295 "-" "Mozilla/5.0 (Windows NT 10.0; Win64; x64) AppleWebKit/537.36 (KHTML, like Gecko) Chrome/71.0.3578.98 Safari/537.36"
::1 - - [21/Jan/2019:01:50:25 +0000] "DELETE /grades/5 HTTP/1.1" 200 62 "-" "PostmanRuntime/7.6.0"
::1 - - [21/Jan/2019:01:50:33 +0000] "GET /grades/ HTTP/1.1" 200 234 "-" "Mozilla/5.0 (Windows NT 10.0; Win64; x64) AppleWebKit/537.36 (KHTML, like Gecko) Chrome/71.0.3578.98 Safari/537.36"
::1 - - [21/Jan/2019:01:50:44 +0000] "DELETE /grades/53 HTTP/1.1" 200 62 "-" "PostmanRuntime/7.6.0"
::ffff:127.0.0.1 - - [21/Jan/2019:01:51:02 +0000] "DELETE /grades/53 HTTP/1.1" 200 62 "-" "PostmanRuntime/7.6.0"
::1 - - [21/Jan/2019:01:51:33 +0000] "DELETE /grades/53 HTTP/1.1" 404 9 "-" "PostmanRuntime/7.6.0"
::1 - - [21/Jan/2019:01:51:42 +0000] "GET /grades/ HTTP/1.1" 200 295 "-" "Mozilla/5.0 (Windows NT 10.0; Win64; x64) AppleWebKit/537.36 (KHTML, like Gecko) Chrome/71.0.3578.98 Safari/537.36"
::1 - - [21/Jan/2019:01:51:48 +0000] "DELETE /grades/53 HTTP/1.1" 404 9 "-" "PostmanRuntime/7.6.0"
::1 - - [21/Jan/2019:01:51:52 +0000] "GET /grades/ HTTP/1.1" 304 - "-" "Mozilla/5.0 (Windows NT 10.0; Win64; x64) AppleWebKit/537.36 (KHTML, like Gecko) Chrome/71.0.3578.98 Safari/537.36"
::1 - - [21/Jan/2019:01:57:06 +0000] "PUT /grades/53 HTTP/1.1" 200 43 "-" "PostmanRuntime/7.6.0"
::1 - - [21/Jan/2019:01:57:10 +0000] "GET /grades/ HTTP/1.1" 304 - "-" "Mozilla/5.0 (Windows NT 10.0; Win64; x64) AppleWebKit/537.36 (KHTML, like Gecko) Chrome/71.0.3578.98 Safari/537.36"
::1 - - [21/Jan/2019:01:57:17 +0000] "PUT /grades/53 HTTP/1.1" 200 43 "-" "PostmanRuntime/7.6.0"
::1 - - [21/Jan/2019:01:57:18 +0000] "PUT /grades/53 HTTP/1.1" 200 43 "-" "PostmanRuntime/7.6.0"
::1 - - [21/Jan/2019:01:57:22 +0000] "GET /grades/ HTTP/1.1" 304 - "-" "Mozilla/5.0 (Windows NT 10.0; Win64; x64) AppleWebKit/537.36 (KHTML, like Gecko) Chrome/71.0.3578.98 Safari/537.36"
::1 - - [21/Jan/2019:01:57:28 +0000] "PUT /grades/1 HTTP/1.1" 200 43 "-" "PostmanRuntime/7.6.0"
::1 - - [21/Jan/2019:01:57:32 +0000] "GET /grades/ HTTP/1.1" 200 279 "-" "Mozilla/5.0 (Windows NT 10.0; Win64; x64) AppleWebKit/537.36 (KHTML, like Gecko) Chrome/71.0.3578.98 Safari/537.36"
::1 - - [21/Jan/2019:01:59:07 +0000] "PUT /grades/13 HTTP/1.1" 200 43 "-" "PostmanRuntime/7.6.0"
::1 - - [21/Jan/2019:01:59:25 +0000] "PUT /grades/13 HTTP/1.1" 200 43 "-" "PostmanRuntime/7.6.0"
::1 - - [21/Jan/2019:01:59:36 +0000] "PUT /grades/13 HTTP/1.1" 404 9 "-" "PostmanRuntime/7.6.0"
::1 - - [21/Jan/2019:01:59:42 +0000] "PUT /grades/0 HTTP/1.1" 404 9 "-" "PostmanRuntime/7.6.0"
::1 - - [21/Jan/2019:01:59:46 +0000] "PUT /grades/1 HTTP/1.1" 404 9 "-" "PostmanRuntime/7.6.0"
::1 - - [21/Jan/2019:01:59:51 +0000] "GET /grades/ HTTP/1.1" 200 295 "-" "Mozilla/5.0 (Windows NT 10.0; Win64; x64) AppleWebKit/537.36 (KHTML, like Gecko) Chrome/71.0.3578.98 Safari/537.36"
::1 - - [21/Jan/2019:01:59:56 +0000] "PUT /grades/1 HTTP/1.1" 404 9 "-" "PostmanRuntime/7.6.0"
::1 - - [21/Jan/2019:02:00:05 +0000] "GET /grades/ HTTP/1.1" 304 - "-" "Mozilla/5.0 (Windows NT 10.0; Win64; x64) AppleWebKit/537.36 (KHTML, like Gecko) Chrome/71.0.3578.98 Safari/537.36"
::1 - - [21/Jan/2019:02:00:11 +0000] "PUT /grades/1 HTTP/1.1" 404 9 "-" "PostmanRuntime/7.6.0"
::1 - - [21/Jan/2019:02:01:02 +0000] "PUT /grades/1 HTTP/1.1" 404 9 "-" "PostmanRuntime/7.6.0"
::1 - - [21/Jan/2019:02:01:08 +0000] "PUT /grades/2 HTTP/1.1" 200 50 "-" "PostmanRuntime/7.6.0"
::1 - - [21/Jan/2019:02:01:12 +0000] "GET /grades/ HTTP/1.1" 200 292 "-" "Mozilla/5.0 (Windows NT 10.0; Win64; x64) AppleWebKit/537.36 (KHTML, like Gecko) Chrome/71.0.3578.98 Safari/537.36"
::1 - - [21/Jan/2019:02:01:22 +0000] "PUT /grades/2 HTTP/1.1" 404 9 "-" "PostmanRuntime/7.6.0"
::1 - - [21/Jan/2019:02:01:27 +0000] "PUT /grades/3 HTTP/1.1" 200 43 "-" "PostmanRuntime/7.6.0"
::1 - - [21/Jan/2019:02:02:27 +0000] "PUT /grades/1 HTTP/1.1" 200 43 "-" "PostmanRuntime/7.6.0"
::1 - - [21/Jan/2019:02:02:30 +0000] "GET /grades/ HTTP/1.1" 200 285 "-" "Mozilla/5.0 (Windows NT 10.0; Win64; x64) AppleWebKit/537.36 (KHTML, like Gecko) Chrome/71.0.3578.98 Safari/537.36"
::1 - - [21/Jan/2019:02:02:41 +0000] "PUT /grades/1 HTTP/1.1" 200 43 "-" "PostmanRuntime/7.6.0"
::1 - - [21/Jan/2019:02:03:04 +0000] "PUT /grades/1 HTTP/1.1" 404 9 "-" "PostmanRuntime/7.6.0"
::1 - - [21/Jan/2019:02:03:30 +0000] "PUT /grades/1 HTTP/1.1" 200 43 "-" "PostmanRuntime/7.6.0"
::1 - - [21/Jan/2019:02:03:32 +0000] "GET /grades/ HTTP/1.1" 200 279 "-" "Mozilla/5.0 (Windows NT 10.0; Win64; x64) AppleWebKit/537.36 (KHTML, like Gecko) Chrome/71.0.3578.98 Safari/537.36"
::1 - - [21/Jan/2019:02:05:12 +0000] "PUT /grades/1 HTTP/1.1" 200 50 "-" "PostmanRuntime/7.6.0"
::1 - - [21/Jan/2019:02:05:19 +0000] "PUT /grades/2 HTTP/1.1" 200 50 "-" "PostmanRuntime/7.6.0"
::1 - - [21/Jan/2019:02:05:21 +0000] "GET /grades/ HTTP/1.1" 200 283 "-" "Mozilla/5.0 (Windows NT 10.0; Win64; x64) AppleWebKit/537.36 (KHTML, like Gecko) Chrome/71.0.3578.98 Safari/537.36"
::1 - - [21/Jan/2019:02:05:37 +0000] "PUT /grades/2 HTTP/1.1" 200 50 "-" "PostmanRuntime/7.6.0"
::1 - - [21/Jan/2019:02:05:52 +0000] "PUT /grades/4 HTTP/1.1" 200 50 "-" "PostmanRuntime/7.6.0"
::1 - - [21/Jan/2019:02:05:54 +0000] "GET /grades/ HTTP/1.1" 200 282 "-" "Mozilla/5.0 (Windows NT 10.0; Win64; x64) AppleWebKit/537.36 (KHTML, like Gecko) Chrome/71.0.3578.98 Safari/537.36"
::1 - - [21/Jan/2019:02:06:04 +0000] "PUT /grades/44 HTTP/1.1" 404 9 "-" "PostmanRuntime/7.6.0"
::1 - - [21/Jan/2019:02:06:10 +0000] "PUT /grades/5 HTTP/1.1" 200 50 "-" "PostmanRuntime/7.6.0"
::1 - - [21/Jan/2019:02:06:16 +0000] "PUT /grades/0 HTTP/1.1" 404 9 "-" "PostmanRuntime/7.6.0"
::1 - - [21/Jan/2019:05:48:16 +0000] "GET / HTTP/1.1" 200 207 "-" "Mozilla/5.0 (Windows NT 10.0; Win64; x64) AppleWebKit/537.36 (KHTML, like Gecko) Chrome/71.0.3578.98 Safari/537.36"
::1 - - [21/Jan/2019:05:48:20 +0000] "GET /grades HTTP/1.1" 304 - "-" "Mozilla/5.0 (Windows NT 10.0; Win64; x64) AppleWebKit/537.36 (KHTML, like Gecko) Chrome/71.0.3578.98 Safari/537.36"
::ffff:127.0.0.1 - - [21/Jan/2019:05:48:43 +0000] "GET /grades HTTP/1.1" 304 - "-" "Mozilla/5.0 (Windows NT 10.0; Win64; x64) AppleWebKit/537.36 (KHTML, like Gecko) Chrome/71.0.3578.98 Safari/537.36"
::1 - - [21/Jan/2019:05:49:53 +0000] "GET /grades/9 HTTP/1.1" 500 32 "-" "Mozilla/5.0 (Windows NT 10.0; Win64; x64) AppleWebKit/537.36 (KHTML, like Gecko) Chrome/71.0.3578.98 Safari/537.36"
::ffff:127.0.0.1 - - [21/Jan/2019:05:50:35 +0000] "GET /grades/9 HTTP/1.1" 500 32 "-" "Mozilla/5.0 (Windows NT 10.0; Win64; x64) AppleWebKit/537.36 (KHTML, like Gecko) Chrome/71.0.3578.98 Safari/537.36"
::ffff:127.0.0.1 - - [21/Jan/2019:05:50:40 +0000] "GET /grades/9 HTTP/1.1" 500 32 "-" "Mozilla/5.0 (Windows NT 10.0; Win64; x64) AppleWebKit/537.36 (KHTML, like Gecko) Chrome/71.0.3578.98 Safari/537.36"
::1 - - [21/Jan/2019:05:51:28 +0000] "GET /grades/9 HTTP/1.1" 500 32 "-" "Mozilla/5.0 (Windows NT 10.0; Win64; x64) AppleWebKit/537.36 (KHTML, like Gecko) Chrome/71.0.3578.98 Safari/537.36"
::1 - - [21/Jan/2019:05:51:31 +0000] "GET /grades/9d HTTP/1.1" 500 32 "-" "Mozilla/5.0 (Windows NT 10.0; Win64; x64) AppleWebKit/537.36 (KHTML, like Gecko) Chrome/71.0.3578.98 Safari/537.36"
::1 - - [21/Jan/2019:05:51:42 +0000] "GET /grades/9d HTTP/1.1" 500 32 "-" "Mozilla/5.0 (Windows NT 10.0; Win64; x64) AppleWebKit/537.36 (KHTML, like Gecko) Chrome/71.0.3578.98 Safari/537.36"
::1 - - [21/Jan/2019:05:52:37 +0000] "GET /grades/9d HTTP/1.1" 500 32 "-" "Mozilla/5.0 (Windows NT 10.0; Win64; x64) AppleWebKit/537.36 (KHTML, like Gecko) Chrome/71.0.3578.98 Safari/537.36"
::1 - - [21/Jan/2019:05:52:49 +0000] "GET /grades/3 HTTP/1.1" 304 - "-" "Mozilla/5.0 (Windows NT 10.0; Win64; x64) AppleWebKit/537.36 (KHTML, like Gecko) Chrome/71.0.3578.98 Safari/537.36"
::1 - - [21/Jan/2019:05:53:12 +0000] "GET /grades/3 HTTP/1.1" 500 32 "-" "Mozilla/5.0 (Windows NT 10.0; Win64; x64) AppleWebKit/537.36 (KHTML, like Gecko) Chrome/71.0.3578.98 Safari/537.36"
::1 - - [21/Jan/2019:05:54:03 +0000] "GET /grades/9 HTTP/1.1" 500 32 "-" "Mozilla/5.0 (Windows NT 10.0; Win64; x64) AppleWebKit/537.36 (KHTML, like Gecko) Chrome/71.0.3578.98 Safari/537.36"
::1 - - [21/Jan/2019:05:54:14 +0000] "GET /grades/9 HTTP/1.1" 404 21 "-" "Mozilla/5.0 (Windows NT 10.0; Win64; x64) AppleWebKit/537.36 (KHTML, like Gecko) Chrome/71.0.3578.98 Safari/537.36"
::1 - - [21/Jan/2019:05:55:45 +0000] "GET /grades/9 HTTP/1.1" 404 21 "-" "Mozilla/5.0 (Windows NT 10.0; Win64; x64) AppleWebKit/537.36 (KHTML, like Gecko) Chrome/71.0.3578.98 Safari/537.36"
::1 - - [21/Jan/2019:05:57:00 +0000] "POST /grades/ HTTP/1.1" 404 21 "-" "PostmanRuntime/7.6.0"
::1 - - [21/Jan/2019:05:57:26 +0000] "POST /grades/ HTTP/1.1" 404 21 "-" "PostmanRuntime/7.6.0"
::1 - - [21/Jan/2019:05:57:47 +0000] "POST /grades/ HTTP/1.1" 200 7 "-" "PostmanRuntime/7.6.0"
::1 - - [21/Jan/2019:05:57:51 +0000] "GET /grades/ HTTP/1.1" 200 346 "-" "Mozilla/5.0 (Windows NT 10.0; Win64; x64) AppleWebKit/537.36 (KHTML, like Gecko) Chrome/71.0.3578.98 Safari/537.36"
::1 - - [21/Jan/2019:05:58:11 +0000] "POST /grades/ HTTP/1.1" 200 7 "-" "PostmanRuntime/7.6.0"
::1 - - [21/Jan/2019:05:58:43 +0000] "GET /grades/ HTTP/1.1" 304 - "-" "Mozilla/5.0 (Windows NT 10.0; Win64; x64) AppleWebKit/537.36 (KHTML, like Gecko) Chrome/71.0.3578.98 Safari/537.36"
::1 - - [21/Jan/2019:05:58:49 +0000] "POST /grades/ HTTP/1.1" 200 7 "-" "PostmanRuntime/7.6.0"
::1 - - [21/Jan/2019:05:58:53 +0000] "GET /grades/ HTTP/1.1" 200 397 "-" "Mozilla/5.0 (Windows NT 10.0; Win64; x64) AppleWebKit/537.36 (KHTML, like Gecko) Chrome/71.0.3578.98 Safari/537.36"
